<?xml version="1.0" encoding="UTF-8"?>
<!-- Generated by org.testng.reporters.JUnitXMLReporter -->
<testsuite ignored="1" hostname="Kolkata31" failures="1" tests="2" name="Test" time="33.633" errors="0" timestamp="2025-04-19T21:04:27 IST">
  <testcase classname="testCases.TC001_AccountRegistrationTest" name="checkregistration" time="5.289"/>
  <testcase classname="testCases.TC002_LoginTest" name="ChcekLogin" time="13.68">
    <failure type="java.lang.AssertionError" message="Login Fail expected [true] but found [false]">
      <![CDATA[java.lang.AssertionError: Login Fail expected [true] but found [false]
at testCases.TC002_LoginTest.ChcekLogin(TC002_LoginTest.java:25)
at java.base/java.util.ArrayList.forEach(ArrayList.java:1511)
... Removed 33 stack frames]]>
    </failure>
  </testcase> <!-- ChcekLogin -->
  <testcase classname="testCases.TC003_LoginDDT" name="verify_loginDDT" time="0.0">
    <ignored/>
  </testcase> <!-- verify_loginDDT -->
</testsuite> <!-- Test -->
