<?xml version="1.0" encoding="UTF-8"?>
<testng-results ignored="0" total="4" passed="4" failed="0" skipped="0">
  <reporter-output>
  </reporter-output>
  <suite started-at="2025-04-29T15:44:33 IST" name="Master Suite" finished-at="2025-04-29T15:46:11 IST" duration-ms="97879">
    <groups>
      <group name="Master">
        <method signature="TC001_AccountRegistrationTest.checkregistration()[pri:0, instance:testCases.TC001_AccountRegistrationTest@7103cb56]" name="checkregistration" class="testCases.TC001_AccountRegistrationTest"/>
        <method signature="TC002_LoginTest.ChcekLogin()[pri:0, instance:testCases.TC002_LoginTest@1b765a2c]" name="ChcekLogin" class="testCases.TC002_LoginTest"/>
        <method signature="TC001_AccountRegistrationTest.checkregistration()[pri:0, instance:testCases.TC001_AccountRegistrationTest@44040454]" name="checkregistration" class="testCases.TC001_AccountRegistrationTest"/>
        <method signature="TC002_LoginTest.ChcekLogin()[pri:0, instance:testCases.TC002_LoginTest@65fe9e33]" name="ChcekLogin" class="testCases.TC002_LoginTest"/>
      </group> <!-- Master -->
      <group name="Sanity">
        <method signature="TC002_LoginTest.ChcekLogin()[pri:0, instance:testCases.TC002_LoginTest@1b765a2c]" name="ChcekLogin" class="testCases.TC002_LoginTest"/>
        <method signature="TC002_LoginTest.ChcekLogin()[pri:0, instance:testCases.TC002_LoginTest@65fe9e33]" name="ChcekLogin" class="testCases.TC002_LoginTest"/>
      </group> <!-- Sanity -->
      <group name="Regression">
        <method signature="TC001_AccountRegistrationTest.checkregistration()[pri:0, instance:testCases.TC001_AccountRegistrationTest@7103cb56]" name="checkregistration" class="testCases.TC001_AccountRegistrationTest"/>
        <method signature="TC001_AccountRegistrationTest.checkregistration()[pri:0, instance:testCases.TC001_AccountRegistrationTest@44040454]" name="checkregistration" class="testCases.TC001_AccountRegistrationTest"/>
      </group> <!-- Regression -->
    </groups>
    <test started-at="2025-04-29T15:44:33 IST" name="TestGrid1" finished-at="2025-04-29T15:45:24 IST" duration-ms="50626">
      <class name="testCases.TC002_LoginTest">
        <test-method is-config="true" signature="setUp(java.lang.String,java.lang.String)[pri:0, instance:testCases.TC002_LoginTest@1b765a2c]" started-at="2025-04-29T15:45:07 IST" name="setUp" finished-at="2025-04-29T15:45:16 IST" duration-ms="9692" status="PASS">
          <params>
            <param index="0">
              <value>
                <![CDATA[Linux]]>
              </value>
            </param>
            <param index="1">
              <value>
                <![CDATA[chrome]]>
              </value>
            </param>
          </params>
          <reporter-output>
          </reporter-output>
        </test-method> <!-- setUp -->
        <test-method signature="ChcekLogin()[pri:0, instance:testCases.TC002_LoginTest@1b765a2c]" started-at="2025-04-29T15:45:16 IST" name="ChcekLogin" finished-at="2025-04-29T15:45:23 IST" duration-ms="6850" status="PASS">
          <reporter-output>
          </reporter-output>
        </test-method> <!-- ChcekLogin -->
        <test-method is-config="true" signature="teardown()[pri:0, instance:testCases.TC002_LoginTest@1b765a2c]" started-at="2025-04-29T15:45:23 IST" name="teardown" finished-at="2025-04-29T15:45:24 IST" duration-ms="323" status="PASS">
          <reporter-output>
          </reporter-output>
        </test-method> <!-- teardown -->
      </class> <!-- testCases.TC002_LoginTest -->
      <class name="testCases.TC001_AccountRegistrationTest">
        <test-method is-config="true" signature="setUp(java.lang.String,java.lang.String)[pri:0, instance:testCases.TC001_AccountRegistrationTest@7103cb56]" started-at="2025-04-29T15:44:34 IST" name="setUp" finished-at="2025-04-29T15:44:55 IST" duration-ms="21367" status="PASS">
          <params>
            <param index="0">
              <value>
                <![CDATA[Linux]]>
              </value>
            </param>
            <param index="1">
              <value>
                <![CDATA[chrome]]>
              </value>
            </param>
          </params>
          <reporter-output>
          </reporter-output>
        </test-method> <!-- setUp -->
        <test-method signature="checkregistration()[pri:0, instance:testCases.TC001_AccountRegistrationTest@7103cb56]" started-at="2025-04-29T15:44:55 IST" name="checkregistration" finished-at="2025-04-29T15:45:06 IST" duration-ms="11171" status="PASS">
          <reporter-output>
          </reporter-output>
        </test-method> <!-- checkregistration -->
        <test-method is-config="true" signature="teardown()[pri:0, instance:testCases.TC001_AccountRegistrationTest@7103cb56]" started-at="2025-04-29T15:45:07 IST" name="teardown" finished-at="2025-04-29T15:45:07 IST" duration-ms="245" status="PASS">
          <reporter-output>
          </reporter-output>
        </test-method> <!-- teardown -->
      </class> <!-- testCases.TC001_AccountRegistrationTest -->
    </test> <!-- TestGrid1 -->
    <test started-at="2025-04-29T15:45:28 IST" name="TestGrid2" finished-at="2025-04-29T15:46:11 IST" duration-ms="43408">
      <class name="testCases.TC002_LoginTest">
        <test-method is-config="true" signature="setUp(java.lang.String,java.lang.String)[pri:0, instance:testCases.TC002_LoginTest@65fe9e33]" started-at="2025-04-29T15:45:54 IST" name="setUp" finished-at="2025-04-29T15:46:05 IST" duration-ms="10480" status="PASS">
          <params>
            <param index="0">
              <value>
                <![CDATA[Linux]]>
              </value>
            </param>
            <param index="1">
              <value>
                <![CDATA[firefox]]>
              </value>
            </param>
          </params>
          <reporter-output>
          </reporter-output>
        </test-method> <!-- setUp -->
        <test-method signature="ChcekLogin()[pri:0, instance:testCases.TC002_LoginTest@65fe9e33]" started-at="2025-04-29T15:46:05 IST" name="ChcekLogin" finished-at="2025-04-29T15:46:09 IST" duration-ms="4299" status="PASS">
          <reporter-output>
          </reporter-output>
        </test-method> <!-- ChcekLogin -->
        <test-method is-config="true" signature="teardown()[pri:0, instance:testCases.TC002_LoginTest@65fe9e33]" started-at="2025-04-29T15:46:09 IST" name="teardown" finished-at="2025-04-29T15:46:11 IST" duration-ms="1814" status="PASS">
          <reporter-output>
          </reporter-output>
        </test-method> <!-- teardown -->
      </class> <!-- testCases.TC002_LoginTest -->
      <class name="testCases.TC001_AccountRegistrationTest">
        <test-method is-config="true" signature="setUp(java.lang.String,java.lang.String)[pri:0, instance:testCases.TC001_AccountRegistrationTest@44040454]" started-at="2025-04-29T15:45:28 IST" name="setUp" finished-at="2025-04-29T15:45:47 IST" duration-ms="19536" status="PASS">
          <params>
            <param index="0">
              <value>
                <![CDATA[Linux]]>
              </value>
            </param>
            <param index="1">
              <value>
                <![CDATA[firefox]]>
              </value>
            </param>
          </params>
          <reporter-output>
          </reporter-output>
        </test-method> <!-- setUp -->
        <test-method signature="checkregistration()[pri:0, instance:testCases.TC001_AccountRegistrationTest@44040454]" started-at="2025-04-29T15:45:47 IST" name="checkregistration" finished-at="2025-04-29T15:45:53 IST" duration-ms="5437" status="PASS">
          <reporter-output>
          </reporter-output>
        </test-method> <!-- checkregistration -->
        <test-method is-config="true" signature="teardown()[pri:0, instance:testCases.TC001_AccountRegistrationTest@44040454]" started-at="2025-04-29T15:45:53 IST" name="teardown" finished-at="2025-04-29T15:45:54 IST" duration-ms="1759" status="PASS">
          <reporter-output>
          </reporter-output>
        </test-method> <!-- teardown -->
      </class> <!-- testCases.TC001_AccountRegistrationTest -->
    </test> <!-- TestGrid2 -->
  </suite> <!-- Master Suite -->
</testng-results>
