<?xml version="1.0" encoding="UTF-8"?>
<!-- Generated by org.testng.reporters.JUnitReportReporter -->
<testsuite hostname="Kolkata31" failures="0" tests="9" name="testCases.TC003_LoginDDT" time="82.780" errors="0" timestamp="2025-04-11T23:45:23 IST" skipped="0">
  <testcase classname="testCases.TC003_LoginDDT" name="verify_loginDDT" time="12.107"/>
  <testcase classname="testCases.TC003_LoginDDT" name="verify_loginDDT" time="13.039"/>
  <testcase classname="testCases.TC003_LoginDDT" name="verify_loginDDT" time="12.324"/>
  <testcase classname="testCases.TC003_LoginDDT" name="verify_loginDDT" time="12.004"/>
  <testcase classname="testCases.TC003_LoginDDT" name="verify_loginDDT" time="2.954"/>
  <testcase classname="testCases.TC003_LoginDDT" name="verify_loginDDT" time="11.769"/>
  <testcase classname="testCases.TC003_LoginDDT" name="verify_loginDDT" time="2.656"/>
  <testcase classname="testCases.TC003_LoginDDT" name="verify_loginDDT" time="2.700"/>
  <testcase classname="testCases.TC003_LoginDDT" name="verify_loginDDT" time="13.227"/>
</testsuite> <!-- testCases.TC003_LoginDDT -->
