<?xml version="1.0" encoding="UTF-8"?>
<!-- Generated by org.testng.reporters.JUnitReportReporter -->
<testsuite hostname="Kolkata31" failures="0" tests="2" name="testCases.TC001_AccountRegistrationTest" time="16.608" errors="0" timestamp="2025-04-29T15:46:14 IST" skipped="0">
  <testcase classname="testCases.TC001_AccountRegistrationTest" name="checkregistration" time="5.437"/>
  <testcase classname="testCases.TC001_AccountRegistrationTest" name="checkregistration" time="11.171"/>
</testsuite> <!-- testCases.TC001_AccountRegistrationTest -->
